[Conan.VisualStudio] Calling process 'C:\Program Files\Conan\conan\conan.exe' with arguments '--version'
Conan version 1.31.4
[Conan.VisualStudio] Calling process 'C:\Program Files\Conan\conan\conan.exe' with arguments 'install F:\Projects\ConceptEngine\api\platform\microsoft\windows\ConceptEngine\ConceptEngine\ConceptEngineFramework\conanfile.txt -g visual_studio --install-folder F:\Projects\ConceptEngine\api\platform\microsoft\windows\ConceptEngine\ConceptEngine\Debug\.conan -s arch=x86 -s build_type=Debug -s compiler.toolset=v142 -s compiler.version=16 -s compiler.runtime=MDd  --build --update'
Configuration:
[settings]
arch=x86
arch_build=x86_64
build_type=Debug
compiler=Visual Studio
compiler.runtime=MDd
compiler.toolset=v142
compiler.version=16
os=Windows
os_build=Windows
[options]
[build_requires]
[env]

magic_enum/0.7.0: Forced build from source
conanfile.txt: Installing package
Requirements
    magic_enum/0.7.0 from 'conan-center' - Cache
Packages
    magic_enum/0.7.0:5ab84d6acfe1f23c4fae0ab88f26e3a396351ac9 - Build

Cross-build from 'Windows:x86_64' to 'Windows:x86'
Installing (downloading, building) binaries...
magic_enum/0.7.0: Building your package in C:\Users\konra\.conan\data\magic_enum\0.7.0\_\_\build\5ab84d6acfe1f23c4fae0ab88f26e3a396351ac9
magic_enum/0.7.0: Generator txt created conanbuildinfo.txt
magic_enum/0.7.0: Calling build()
magic_enum/0.7.0: Package '5ab84d6acfe1f23c4fae0ab88f26e3a396351ac9' built
magic_enum/0.7.0: Build folder C:\Users\konra\.conan\data\magic_enum\0.7.0\_\_\build\5ab84d6acfe1f23c4fae0ab88f26e3a396351ac9
magic_enum/0.7.0: Generated conaninfo.txt
magic_enum/0.7.0: Generated conanbuildinfo.txt
magic_enum/0.7.0: Generating the package
magic_enum/0.7.0: Package folder C:\Users\konra\.conan\data\magic_enum\0.7.0\_\_\package\5ab84d6acfe1f23c4fae0ab88f26e3a396351ac9
magic_enum/0.7.0: Calling package()
magic_enum/0.7.0 package(): Packaged 1 '.hpp' file: magic_enum.hpp
magic_enum/0.7.0 package(): Packaged 1 file: LICENSE
magic_enum/0.7.0: Package '5ab84d6acfe1f23c4fae0ab88f26e3a396351ac9' created
magic_enum/0.7.0: Created package revision 93112df1fb91d945acf4340809f454ae
conanfile.txt: Generator txt created conanbuildinfo.txt
conanfile.txt: Generator visual_studio created conanbuildinfo.props
magic_enum/0.7.0: WARN: This conanfile has no build step
conanfile.txt: Generated conaninfo.txt
conanfile.txt: Generated graphinfo
[Conan.VisualStudio] Conan has succsessfully installed configuration 'Architecture: x86, build type: Debug, compiler toolset: v142, compiler version: 16;, runtime library: MDd'
