f:\projects\conceptengine\api\platform\microsoft\windows\conceptengine\conceptengine\rthelloworld\x64\debug\rthelloworld.pdb
f:\projects\conceptengine\api\platform\microsoft\windows\conceptengine\conceptengine\rthelloworld\x64\debug\rthelloworld.idb
f:\projects\conceptengine\api\platform\microsoft\windows\conceptengine\conceptengine\rthelloworld\x64\debug\win32application.obj
f:\projects\conceptengine\api\platform\microsoft\windows\conceptengine\conceptengine\rthelloworld\x64\debug\dxsample.obj
f:\projects\conceptengine\api\platform\microsoft\windows\conceptengine\conceptengine\rthelloworld\x64\debug\deviceresources.obj
f:\projects\conceptengine\api\platform\microsoft\windows\conceptengine\conceptengine\rthelloworld\x64\debug\d3d12raytracinghelloworld.obj
f:\projects\conceptengine\api\platform\microsoft\windows\conceptengine\conceptengine\x64\debug\helloworldraytracing.cso
f:\projects\conceptengine\api\platform\microsoft\windows\conceptengine\conceptengine\rthelloworld\x64\debug\compiledshaders\helloworldraytracing.hlsl.h
f:\projects\conceptengine\api\platform\microsoft\windows\conceptengine\conceptengine\x64\debug\rthelloworld.lib
f:\projects\conceptengine\api\platform\microsoft\windows\conceptengine\conceptengine\rthelloworld\x64\debug\d3d12raytracinglibrarysubobjects.obj
f:\projects\conceptengine\api\platform\microsoft\windows\conceptengine\conceptengine\rthelloworld\x64\debug\rttutorial.idb
f:\projects\conceptengine\api\platform\microsoft\windows\conceptengine\conceptengine\rthelloworld\x64\debug\rthelloworld.tlog\cl.command.1.tlog
f:\projects\conceptengine\api\platform\microsoft\windows\conceptengine\conceptengine\rthelloworld\x64\debug\rthelloworld.tlog\cl.read.1.tlog
f:\projects\conceptengine\api\platform\microsoft\windows\conceptengine\conceptengine\rthelloworld\x64\debug\rthelloworld.tlog\cl.write.1.tlog
f:\projects\conceptengine\api\platform\microsoft\windows\conceptengine\conceptengine\rthelloworld\x64\debug\rthelloworld.tlog\dxc.command.1.tlog
f:\projects\conceptengine\api\platform\microsoft\windows\conceptengine\conceptengine\rthelloworld\x64\debug\rthelloworld.tlog\dxc.read.1.tlog
f:\projects\conceptengine\api\platform\microsoft\windows\conceptengine\conceptengine\rthelloworld\x64\debug\rthelloworld.tlog\dxc.write.1.tlog
f:\projects\conceptengine\api\platform\microsoft\windows\conceptengine\conceptengine\rthelloworld\x64\debug\rthelloworld.tlog\fxc.command.1.tlog
f:\projects\conceptengine\api\platform\microsoft\windows\conceptengine\conceptengine\rthelloworld\x64\debug\rthelloworld.tlog\fxc.read.1.tlog
f:\projects\conceptengine\api\platform\microsoft\windows\conceptengine\conceptengine\rthelloworld\x64\debug\rthelloworld.tlog\lib-link.read.1.tlog
f:\projects\conceptengine\api\platform\microsoft\windows\conceptengine\conceptengine\rthelloworld\x64\debug\rthelloworld.tlog\lib-link.write.1.tlog
f:\projects\conceptengine\api\platform\microsoft\windows\conceptengine\conceptengine\rthelloworld\x64\debug\rthelloworld.tlog\lib.command.1.tlog
