C:\Program Files (x86)\Microsoft Visual Studio\2019\Community\MSBuild\Microsoft\VC\v160\Microsoft.CppBuild.targets(491,5): warning MSB8028: The intermediate directory (x64\Debug\) contains files shared from another project (RTTutorial.vcxproj).  This can lead to incorrect clean and rebuild behavior.
  D3D12RaytracingHelloWorld.cpp
  DXSample.cpp
  DeviceResources.cpp
  Win32Application.cpp
  Generating Code...
dxgi.lib(dxgi.dll) : warning LNK4006: __NULL_IMPORT_DESCRIPTOR already defined in d3d12.lib(d3d12.dll); second definition ignored
kernel32.lib(KERNEL32.dll) : warning LNK4006: __NULL_IMPORT_DESCRIPTOR already defined in d3d12.lib(d3d12.dll); second definition ignored
user32.lib(USER32.dll) : warning LNK4006: __NULL_IMPORT_DESCRIPTOR already defined in d3d12.lib(d3d12.dll); second definition ignored
gdi32.lib(GDI32.dll) : warning LNK4006: __NULL_IMPORT_DESCRIPTOR already defined in d3d12.lib(d3d12.dll); second definition ignored
winspool.lib(WINSPOOL.DRV) : warning LNK4006: __NULL_IMPORT_DESCRIPTOR already defined in d3d12.lib(d3d12.dll); second definition ignored
comdlg32.lib(COMDLG32.dll) : warning LNK4006: __NULL_IMPORT_DESCRIPTOR already defined in d3d12.lib(d3d12.dll); second definition ignored
advapi32.lib(ADVAPI32.dll) : warning LNK4006: __NULL_IMPORT_DESCRIPTOR already defined in d3d12.lib(d3d12.dll); second definition ignored
shell32.lib(SHELL32.dll) : warning LNK4006: __NULL_IMPORT_DESCRIPTOR already defined in d3d12.lib(d3d12.dll); second definition ignored
ole32.lib(ole32.dll) : warning LNK4006: __NULL_IMPORT_DESCRIPTOR already defined in d3d12.lib(d3d12.dll); second definition ignored
oleaut32.lib(OLEAUT32.dll) : warning LNK4006: __NULL_IMPORT_DESCRIPTOR already defined in d3d12.lib(d3d12.dll); second definition ignored
uuid.lib(WSCAPI.dll) : warning LNK4006: __NULL_IMPORT_DESCRIPTOR already defined in d3d12.lib(d3d12.dll); second definition ignored
odbc32.lib(ODBC32.dll) : warning LNK4006: __NULL_IMPORT_DESCRIPTOR already defined in d3d12.lib(d3d12.dll); second definition ignored
D3DCompiler.lib(D3DCOMPILER_47.dll) : warning LNK4006: __NULL_IMPORT_DESCRIPTOR already defined in d3d12.lib(d3d12.dll); second definition ignored
  RTHelloWorld.vcxproj -> F:\Projects\ConceptEngine\api\platform\microsoft\windows\ConceptEngine\ConceptEngine\x64\Debug\RTHelloWorld.lib
