[Conan.VisualStudio] Calling process 'C:\Program Files\Conan\conan\conan.exe' with arguments '--version'
Conan version 1.31.4
[Conan.VisualStudio] Calling process 'C:\Program Files\Conan\conan\conan.exe' with arguments 'install F:\Projects\ConceptEngine\api\platform\microsoft\windows\ConceptEngine\ConceptEngine\ConceptEngineFramework\conanfile.txt -g visual_studio --install-folder F:\Projects\ConceptEngine\api\platform\microsoft\windows\ConceptEngine\ConceptEngine\x64\Debug\.conan -s arch=x86_64 -s build_type=Debug -s compiler.toolset=v142 -s compiler.version=16 -s compiler.runtime=MDd  --build --update'
Configuration:
[settings]
arch=x86_64
arch_build=x86_64
build_type=Debug
compiler=Visual Studio
compiler.runtime=MDd
compiler.toolset=v142
compiler.version=16
os=Windows
os_build=Windows
[options]
[build_requires]
[env]

conanfile.txt: Installing package
Requirements
Packages

Installing (downloading, building) binaries...
conanfile.txt: Generator visual_studio created conanbuildinfo.props
conanfile.txt: Generator txt created conanbuildinfo.txt
conanfile.txt: Generated conaninfo.txt
conanfile.txt: Generated graphinfo
[Conan.VisualStudio] Conan has succsessfully installed configuration 'Architecture: x86_64, build type: Debug, compiler toolset: v142, compiler version: 16;, runtime library: MDd'
