[Conan.VisualStudio] Calling process 'C:\Program Files\Conan\conan\conan.exe' with arguments '--version'
Conan version 1.31.4
[Conan.VisualStudio] Calling process 'C:\Program Files\Conan\conan\conan.exe' with arguments 'install F:\Projects\ConceptEngine\api\platform\microsoft\windows\directx\ConceptEngine\ConceptEngine\ConceptEngine\conanfile.txt -g visual_studio --install-folder F:\Projects\ConceptEngine\api\platform\microsoft\windows\directx\ConceptEngine\ConceptEngine\Debug\.conan -s arch=x86 -s build_type=Debug -s compiler.toolset=v142 -s compiler.version=16 -s compiler.runtime=MTd  --build --update'
Auto detecting your dev setup to initialize the default profile (C:\Users\konra\.conan\profiles\default)
Found Visual Studio 16
Default settings
	os=Windows
	os_build=Windows
	arch=x86_64
	arch_build=x86_64
	compiler=Visual Studio
	compiler.version=16
	build_type=Release
*** You can change them in C:\Users\konra\.conan\profiles\default ***
*** Or override with -s compiler='other' -s ...s***


Configuration:
[settings]
arch=x86
arch_build=x86_64
build_type=Debug
compiler=Visual Studio
compiler.runtime=MTd
compiler.toolset=v142
compiler.version=16
os=Windows
os_build=Windows
[options]
[build_requires]
[env]

conanfile.txt: Installing package
Requirements
Packages

Cross-build from 'Windows:x86_64' to 'Windows:x86'
Installing (downloading, building) binaries...
conanfile.txt: Generator visual_studio created conanbuildinfo.props
conanfile.txt: Generator txt created conanbuildinfo.txt
conanfile.txt: Generated conaninfo.txt
conanfile.txt: Generated graphinfo
WARN: Remotes registry file missing, creating default one in C:\Users\konra\.conan\remotes.json
[Conan.VisualStudio] Conan has succsessfully installed configuration 'Architecture: x86, build type: Debug, compiler toolset: v142, compiler version: 16;, runtime library: MTd'
