f:\projects\conceptengine\conceptengine\conceptengine\x64\debug\conceptengineplaygrounds.pdb
f:\projects\conceptengine\conceptengine\conceptengine\x64\debug\conceptengineplaygrounds.idb
f:\projects\conceptengine\conceptengine\conceptengine\conceptengineplaygrounds\x64\debug\cedx12ssaoplayground.obj
f:\projects\conceptengine\conceptengine\conceptengine\conceptengineplaygrounds\x64\debug\cedx12sobelwavesplayground.obj
f:\projects\conceptengine\conceptengine\conceptengine\conceptengineplaygrounds\x64\debug\cedx12shadowsplayground.obj
f:\projects\conceptengine\conceptengine\conceptengine\conceptengineplaygrounds\x64\debug\cedx12pickingplayground.obj
f:\projects\conceptengine\conceptengine\conceptengine\conceptengineplaygrounds\x64\debug\cedx12normalmapplayground.obj
f:\projects\conceptengine\conceptengine\conceptengine\conceptengineplaygrounds\x64\debug\cedx12litwavesplayground.obj
f:\projects\conceptengine\conceptengine\conceptengine\conceptengineplaygrounds\x64\debug\cedx12litshapesplayground.obj
f:\projects\conceptengine\conceptengine\conceptengine\conceptengineplaygrounds\x64\debug\cedx12instancingplayground.obj
f:\projects\conceptengine\conceptengine\conceptengine\conceptengineplaygrounds\x64\debug\cedx12initdirect3dplayground.obj
f:\projects\conceptengine\conceptengine\conceptengine\conceptengineplaygrounds\x64\debug\cedx12fppcameraplayground.obj
f:\projects\conceptengine\conceptengine\conceptengine\conceptengineplaygrounds\x64\debug\cedx12dynamiccubeplayground.obj
f:\projects\conceptengine\conceptengine\conceptengine\conceptengineplaygrounds\x64\debug\cedx12cubemapplayground.obj
f:\projects\conceptengine\conceptengine\conceptengine\conceptengineplaygrounds\x64\debug\cedx12computewavesplayground.obj
f:\projects\conceptengine\conceptengine\conceptengine\conceptengineplaygrounds\x64\debug\cedx12charactermeshplayground.obj
f:\projects\conceptengine\conceptengine\conceptengine\conceptengineplaygrounds\x64\debug\cedx12blurwavesplayground.obj
f:\projects\conceptengine\conceptengine\conceptengine\conceptengineplaygrounds\x64\debug\cedx12blendingwavesplayground.obj
f:\projects\conceptengine\conceptengine\conceptengine\conceptengineplaygrounds\x64\debug\cedx12beziertessellationwavesplayground.obj
f:\projects\conceptengine\conceptengine\conceptengine\conceptengineplaygrounds\x64\debug\cedx12landscapeplayground.obj
f:\projects\conceptengine\conceptengine\conceptengine\conceptengineplaygrounds\x64\debug\cedx12shapesplayground.obj
f:\projects\conceptengine\conceptengine\conceptengine\conceptengineplaygrounds\x64\debug\cedx12boxplayground.obj
f:\projects\conceptengine\conceptengine\conceptengine\conceptengineplaygrounds\x64\debug\cedx12treeswavesplayground.obj
f:\projects\conceptengine\conceptengine\conceptengine\conceptengineplaygrounds\x64\debug\cedx12texwavesplayground.obj
f:\projects\conceptengine\conceptengine\conceptengine\conceptengineplaygrounds\x64\debug\cedx12texshapesplayground.obj
f:\projects\conceptengine\conceptengine\conceptengine\conceptengineplaygrounds\x64\debug\cedx12crateplayground.obj
f:\projects\conceptengine\conceptengine\conceptengine\conceptengineplaygrounds\x64\debug\cedx12tessellationwavesplayground.obj
f:\projects\conceptengine\conceptengine\conceptengine\conceptengineplaygrounds\x64\debug\cedx12stencilshapesplayground.obj
f:\projects\conceptengine\conceptengine\conceptengine\x64\debug\conceptengineplaygrounds.lib
f:\projects\conceptengine\conceptengine\conceptengine\conceptengineplaygrounds\x64\debug\concepte.95741f74.tlog\cl.command.1.tlog
f:\projects\conceptengine\conceptengine\conceptengine\conceptengineplaygrounds\x64\debug\concepte.95741f74.tlog\cl.read.1.tlog
f:\projects\conceptengine\conceptengine\conceptengine\conceptengineplaygrounds\x64\debug\concepte.95741f74.tlog\cl.write.1.tlog
f:\projects\conceptengine\conceptengine\conceptengine\conceptengineplaygrounds\x64\debug\concepte.95741f74.tlog\lib-link.read.1.tlog
f:\projects\conceptengine\conceptengine\conceptengine\conceptengineplaygrounds\x64\debug\concepte.95741f74.tlog\lib-link.write.1.tlog
f:\projects\conceptengine\conceptengine\conceptengine\conceptengineplaygrounds\x64\debug\concepte.95741f74.tlog\lib.command.1.tlog
