f:\projects\conceptengine\conceptengine\conceptengine\x64\debug\conceptengine.pdb
f:\projects\conceptengine\conceptengine\conceptengine\x64\debug\conceptengine.idb
f:\projects\conceptengine\conceptengine\conceptengine\concept-engine\x64\debug\cemacwindow.obj
f:\projects\conceptengine\conceptengine\conceptengine\concept-engine\x64\debug\cemaccursor.obj
f:\projects\conceptengine\conceptengine\conceptengine\concept-engine\x64\debug\celinuxwindow.obj
f:\projects\conceptengine\conceptengine\conceptengine\concept-engine\x64\debug\celinuxcursor.obj
f:\projects\conceptengine\conceptengine\conceptengine\concept-engine\x64\debug\ceioswindow.obj
f:\projects\conceptengine\conceptengine\conceptengine\concept-engine\x64\debug\cecursor.obj
f:\projects\conceptengine\conceptengine\conceptengine\concept-engine\x64\debug\ceandroidwindow.obj
f:\projects\conceptengine\conceptengine\conceptengine\concept-engine\x64\debug\cedelegatebase.obj
f:\projects\conceptengine\conceptengine\conceptengine\concept-engine\x64\debug\cedelegate.obj
f:\projects\conceptengine\conceptengine\conceptengine\concept-engine\x64\debug\ceschematicscompiler.obj
f:\projects\conceptengine\conceptengine\conceptengine\concept-engine\x64\debug\cepycompiler.obj
f:\projects\conceptengine\conceptengine\conceptengine\concept-engine\x64\debug\cejscompiler.obj
f:\projects\conceptengine\conceptengine\conceptengine\concept-engine\x64\debug\cecscompiler.obj
f:\projects\conceptengine\conceptengine\conceptengine\concept-engine\x64\debug\cecppcompiler.obj
f:\projects\conceptengine\conceptengine\conceptengine\concept-engine\x64\debug\cevulkan.obj
f:\projects\conceptengine\conceptengine\conceptengine\concept-engine\x64\debug\ceopengl.obj
f:\projects\conceptengine\conceptengine\conceptengine\concept-engine\x64\debug\cemetal.obj
f:\projects\conceptengine\conceptengine\conceptengine\concept-engine\x64\debug\ceobject.obj
f:\projects\conceptengine\conceptengine\conceptengine\concept-engine\x64\debug\ceplaygroundmanager.obj
f:\projects\conceptengine\conceptengine\conceptengine\concept-engine\x64\debug\ceobjectmanager.obj
f:\projects\conceptengine\conceptengine\conceptengine\concept-engine\x64\debug\cegraphicsmanager.obj
f:\projects\conceptengine\conceptengine\conceptengine\concept-engine\x64\debug\cerigidstatic.obj
f:\projects\conceptengine\conceptengine\conceptengine\concept-engine\x64\debug\cerigiddynamic.obj
f:\projects\conceptengine\conceptengine\conceptengine\concept-engine\x64\debug\ceviewport.obj
f:\projects\conceptengine\conceptengine\conceptengine\concept-engine\x64\debug\cetexture.obj
f:\projects\conceptengine\conceptengine\conceptengine\concept-engine\x64\debug\ceshader.obj
f:\projects\conceptengine\conceptengine\conceptengine\concept-engine\x64\debug\ceplayground.obj
f:\projects\conceptengine\conceptengine\conceptengine\concept-engine\x64\debug\cemesh.obj
f:\projects\conceptengine\conceptengine\conceptengine\concept-engine\x64\debug\cematerial.obj
f:\projects\conceptengine\conceptengine\conceptengine\concept-engine\x64\debug\cedxmanager.obj
f:\projects\conceptengine\conceptengine\conceptengine\concept-engine\x64\debug\cedxplayground.obj
f:\projects\conceptengine\conceptengine\conceptengine\concept-engine\x64\debug\cedirectx12.obj
f:\projects\conceptengine\conceptengine\conceptengine\concept-engine\x64\debug\cewindowswindow.obj
f:\projects\conceptengine\conceptengine\conceptengine\concept-engine\x64\debug\cewindowscursor.obj
f:\projects\conceptengine\conceptengine\conceptengine\concept-engine\x64\debug\cewindow.obj
f:\projects\conceptengine\conceptengine\conceptengine\concept-engine\x64\debug\cescreen.obj
f:\projects\conceptengine\conceptengine\conceptengine\concept-engine\x64\debug\ceconsole.obj
f:\projects\conceptengine\conceptengine\conceptengine\concept-engine\x64\debug\cetimer.obj
f:\projects\conceptengine\conceptengine\conceptengine\concept-engine\x64\debug\ceprojectsave.obj
f:\projects\conceptengine\conceptengine\conceptengine\concept-engine\x64\debug\cegamesavereader.obj
f:\projects\conceptengine\conceptengine\conceptengine\concept-engine\x64\debug\cewindows.obj
f:\projects\conceptengine\conceptengine\conceptengine\concept-engine\x64\debug\cemac.obj
f:\projects\conceptengine\conceptengine\conceptengine\concept-engine\x64\debug\celinux.obj
f:\projects\conceptengine\conceptengine\conceptengine\concept-engine\x64\debug\ceios.obj
f:\projects\conceptengine\conceptengine\conceptengine\concept-engine\x64\debug\ceandroid.obj
f:\projects\conceptengine\conceptengine\conceptengine\concept-engine\x64\debug\cephysx.obj
f:\projects\conceptengine\conceptengine\conceptengine\concept-engine\x64\debug\cemath.obj
f:\projects\conceptengine\conceptengine\conceptengine\concept-engine\x64\debug\cegame.obj
f:\projects\conceptengine\conceptengine\conceptengine\concept-engine\x64\debug\ceeditor.obj
f:\projects\conceptengine\conceptengine\conceptengine\concept-engine\x64\debug\cecore.obj
f:\projects\conceptengine\conceptengine\conceptengine\concept-engine\x64\debug\cegamedebug.obj
f:\projects\conceptengine\conceptengine\conceptengine\concept-engine\x64\debug\cegamecore.obj
f:\projects\conceptengine\conceptengine\conceptengine\concept-engine\x64\debug\conceptengine.obj
f:\projects\conceptengine\conceptengine\conceptengine\concept-engine\x64\debug\cegraphics.obj
f:\projects\conceptengine\conceptengine\conceptengine\concept-engine\x64\debug\cewindowsconsole.obj
f:\projects\conceptengine\conceptengine\conceptengine\x64\debug\conceptengine.lib
f:\projects\conceptengine\conceptengine\conceptengine\concept-engine\x64\debug\conceptengine.tlog\cl.command.1.tlog
f:\projects\conceptengine\conceptengine\conceptengine\concept-engine\x64\debug\conceptengine.tlog\cl.read.1.tlog
f:\projects\conceptengine\conceptengine\conceptengine\concept-engine\x64\debug\conceptengine.tlog\cl.write.1.tlog
f:\projects\conceptengine\conceptengine\conceptengine\concept-engine\x64\debug\conceptengine.tlog\lib-link.read.1.tlog
f:\projects\conceptengine\conceptengine\conceptengine\concept-engine\x64\debug\conceptengine.tlog\lib-link.write.1.tlog
f:\projects\conceptengine\conceptengine\conceptengine\concept-engine\x64\debug\conceptengine.tlog\lib.command.1.tlog
