  CEDXPipelineState.cpp
F:\Projects\ConceptEngine\ConceptEngine\ConceptEngine\Concept-Engine\Graphics\DirectX12\RenderLayer\CEDXPipelineState.cpp(4,1): warning C4005: 'D3D12_PIPELINE_STATE_STREAM_ALIGNMENT': macro redefinition
F:\Projects\ConceptEngine\ConceptEngine\ConceptEngine\Concept-Engine\Graphics\DirectX12\RenderLayer\CEDXDevice.h(11): message : see previous definition of 'D3D12_PIPELINE_STATE_STREAM_ALIGNMENT'
F:\Projects\ConceptEngine\ConceptEngine\ConceptEngine\Concept-Engine\Graphics\DirectX12\RenderLayer\CEDXPipelineState.cpp(5,1): warning C4005: 'D3D12_ENABLE_PIX_MARKERS': macro redefinition
F:\Projects\ConceptEngine\ConceptEngine\ConceptEngine\Concept-Engine\Graphics\DirectX12\RenderLayer\CEDXDevice.h(12): message : see previous definition of 'D3D12_ENABLE_PIX_MARKERS'
C:\Program Files (x86)\Microsoft Visual Studio\2019\Community\VC\Tools\MSVC\14.28.29910\include\xstring(2468,23): warning C4244: 'argument': conversion from 'const wchar_t' to 'const _Elem', possible loss of data
          with
          [
              _Elem=char
          ]
C:\Program Files (x86)\Microsoft Visual Studio\2019\Community\VC\Tools\MSVC\14.28.29910\include\xstring(2479): message : see reference to function template instantiation 'void std::basic_string<char,std::char_traits<char>,std::allocator<char>>::_Construct<const wchar_t*>(_Iter,const _Iter,std::input_iterator_tag)' being compiled
          with
          [
              _Iter=const wchar_t *
          ]
C:\Program Files (x86)\Microsoft Visual Studio\2019\Community\VC\Tools\MSVC\14.28.29910\include\xstring(2479): message : see reference to function template instantiation 'void std::basic_string<char,std::char_traits<char>,std::allocator<char>>::_Construct<const wchar_t*>(_Iter,const _Iter,std::input_iterator_tag)' being compiled
          with
          [
              _Iter=const wchar_t *
          ]
C:\Program Files (x86)\Microsoft Visual Studio\2019\Community\VC\Tools\MSVC\14.28.29910\include\xstring(2459): message : see reference to function template instantiation 'void std::basic_string<char,std::char_traits<char>,std::allocator<char>>::_Construct<const wchar_t*>(const _Iter,const _Iter,std::forward_iterator_tag)' being compiled
          with
          [
              _Iter=const wchar_t *
          ]
C:\Program Files (x86)\Microsoft Visual Studio\2019\Community\VC\Tools\MSVC\14.28.29910\include\xstring(2459): message : see reference to function template instantiation 'void std::basic_string<char,std::char_traits<char>,std::allocator<char>>::_Construct<const wchar_t*>(const _Iter,const _Iter,std::forward_iterator_tag)' being compiled
          with
          [
              _Iter=const wchar_t *
          ]
F:\Projects\ConceptEngine\ConceptEngine\ConceptEngine\Concept-Engine\Utilities\CEStringUtilities.h(12): message : see reference to function template instantiation 'std::basic_string<char,std::char_traits<char>,std::allocator<char>>::basic_string<std::_String_const_iterator<std::_String_val<std::_Simple_types<_Elem>>>,0>(_Iter,_Iter,const _Alloc &)' being compiled
          with
          [
              _Elem=wchar_t,
              _Iter=std::_String_const_iterator<std::_String_val<std::_Simple_types<wchar_t>>>,
              _Alloc=std::allocator<char>
          ]
F:\Projects\ConceptEngine\ConceptEngine\ConceptEngine\Concept-Engine\Utilities\CEStringUtilities.h(12): message : see reference to function template instantiation 'std::basic_string<char,std::char_traits<char>,std::allocator<char>>::basic_string<std::_String_const_iterator<std::_String_val<std::_Simple_types<_Elem>>>,0>(_Iter,_Iter,const _Alloc &)' being compiled
          with
          [
              _Elem=wchar_t,
              _Iter=std::_String_const_iterator<std::_String_val<std::_Simple_types<wchar_t>>>,
              _Alloc=std::allocator<char>
          ]
dxgi.lib(dxgi.dll) : warning LNK4006: __NULL_IMPORT_DESCRIPTOR already defined in d3d12.lib(d3d12.dll); second definition ignored
D3DCompiler.lib(D3DCOMPILER_47.dll) : warning LNK4006: __NULL_IMPORT_DESCRIPTOR already defined in d3d12.lib(d3d12.dll); second definition ignored
Shlwapi.lib(SHLWAPI.dll) : warning LNK4006: __NULL_IMPORT_DESCRIPTOR already defined in d3d12.lib(d3d12.dll); second definition ignored
kernel32.lib(KERNEL32.dll) : warning LNK4006: __NULL_IMPORT_DESCRIPTOR already defined in d3d12.lib(d3d12.dll); second definition ignored
user32.lib(USER32.dll) : warning LNK4006: __NULL_IMPORT_DESCRIPTOR already defined in d3d12.lib(d3d12.dll); second definition ignored
gdi32.lib(GDI32.dll) : warning LNK4006: __NULL_IMPORT_DESCRIPTOR already defined in d3d12.lib(d3d12.dll); second definition ignored
winspool.lib(WINSPOOL.DRV) : warning LNK4006: __NULL_IMPORT_DESCRIPTOR already defined in d3d12.lib(d3d12.dll); second definition ignored
shell32.lib(SHELL32.dll) : warning LNK4006: __NULL_IMPORT_DESCRIPTOR already defined in d3d12.lib(d3d12.dll); second definition ignored
ole32.lib(ole32.dll) : warning LNK4006: __NULL_IMPORT_DESCRIPTOR already defined in d3d12.lib(d3d12.dll); second definition ignored
oleaut32.lib(OLEAUT32.dll) : warning LNK4006: __NULL_IMPORT_DESCRIPTOR already defined in d3d12.lib(d3d12.dll); second definition ignored
uuid.lib(WSCAPI.dll) : warning LNK4006: __NULL_IMPORT_DESCRIPTOR already defined in d3d12.lib(d3d12.dll); second definition ignored
comdlg32.lib(COMDLG32.dll) : warning LNK4006: __NULL_IMPORT_DESCRIPTOR already defined in d3d12.lib(d3d12.dll); second definition ignored
advapi32.lib(ADVAPI32.dll) : warning LNK4006: __NULL_IMPORT_DESCRIPTOR already defined in d3d12.lib(d3d12.dll); second definition ignored
shcore.lib(api-ms-win-core-featurestaging-l1-1-1.dll) : warning LNK4006: __NULL_IMPORT_DESCRIPTOR already defined in d3d12.lib(d3d12.dll); second definition ignored
shcore.lib(api-ms-win-core-featurestaging-l1-1-0.dll) : warning LNK4006: __NULL_IMPORT_DESCRIPTOR already defined in d3d12.lib(d3d12.dll); second definition ignored
shcore.lib(api-ms-win-shcore-scaling-l1-1-2.dll) : warning LNK4006: __NULL_IMPORT_DESCRIPTOR already defined in d3d12.lib(d3d12.dll); second definition ignored
shcore.lib(api-ms-win-shcore-scaling-l1-1-1.dll) : warning LNK4006: __NULL_IMPORT_DESCRIPTOR already defined in d3d12.lib(d3d12.dll); second definition ignored
shcore.lib(api-ms-win-shcore-scaling-l1-1-0.dll) : warning LNK4006: __NULL_IMPORT_DESCRIPTOR already defined in d3d12.lib(d3d12.dll); second definition ignored
shcore.lib(api-ms-win-shcore-stream-winrt-l1-1-0.dll) : warning LNK4006: __NULL_IMPORT_DESCRIPTOR already defined in d3d12.lib(d3d12.dll); second definition ignored
CEDXShaderCompiler.obj : warning LNK4006: IsEqualGUID already defined in ole32.lib(ole32.dll); second definition ignored
  Concept-Engine.vcxproj -> F:\Projects\ConceptEngine\ConceptEngine\ConceptEngine\x64\Debug\ConceptEngine.lib
