  CEGame.cpp
F:\Projects\ConceptEngine\ConceptEngine\ConceptEngine\ConceptEngineFramework\Game\CEConsole.h(27,46): warning C4099: 'std::default_delete<ConceptEngineFramework::Game::CEConsole>': type name first seen using 'struct' now seen using 'class'
F:\Projects\ConceptEngine\ConceptEngine\ConceptEngine\ConceptEngineFramework\Game\CEConsole.h(27): message : see declaration of 'std::default_delete<ConceptEngineFramework::Game::CEConsole>'
F:\Projects\ConceptEngine\ConceptEngine\ConceptEngine\ConceptEngineFramework\Game\CEWindow.h(22,45): warning C4099: 'std::default_delete<ConceptEngineFramework::Game::CEWindow>': type name first seen using 'struct' now seen using 'class'
F:\Projects\ConceptEngine\ConceptEngine\ConceptEngine\ConceptEngineFramework\Game\CEWindow.h(22): message : see declaration of 'std::default_delete<ConceptEngineFramework::Game::CEWindow>'
F:\Projects\ConceptEngine\ConceptEngine\ConceptEngine\ConceptEngineFramework\Graphics\DirectX12\CEDX12Manager.h(38,50): warning C4099: 'std::default_delete<ConceptEngineFramework::Graphics::DirectX12::CEDX12Manager>': type name first seen using 'struct' now seen using 'class'
F:\Projects\ConceptEngine\ConceptEngine\ConceptEngine\ConceptEngineFramework\Graphics\DirectX12\CEDX12Manager.h(38): message : see declaration of 'std::default_delete<ConceptEngineFramework::Graphics::DirectX12::CEDX12Manager>'
F:\Projects\ConceptEngine\ConceptEngine\ConceptEngine\ConceptEngineFramework\Graphics\Vulkan\CEVManager.h(13,47): warning C4099: 'std::default_delete<ConceptEngineFramework::Graphics::Vulkan::CEVManager>': type name first seen using 'struct' now seen using 'class'
F:\Projects\ConceptEngine\ConceptEngine\ConceptEngine\ConceptEngineFramework\Graphics\Vulkan\CEVManager.h(13): message : see declaration of 'std::default_delete<ConceptEngineFramework::Graphics::Vulkan::CEVManager>'
F:\Projects\ConceptEngine\ConceptEngine\ConceptEngine\ConceptEngineFramework\Graphics\OpenGL\CEOGLManager.h(13,49): warning C4099: 'std::default_delete<ConceptEngineFramework::Graphics::OpenGL::CEOGLManager>': type name first seen using 'struct' now seen using 'class'
F:\Projects\ConceptEngine\ConceptEngine\ConceptEngine\ConceptEngineFramework\Graphics\OpenGL\CEOGLManager.h(13): message : see declaration of 'std::default_delete<ConceptEngineFramework::Graphics::OpenGL::CEOGLManager>'
C:\src\vcpkg\installed\x64-windows-static\include\gainput\GainputContainers.h(322,1): warning C4267: '=': conversion from 'size_t' to 'T', possible loss of data
          with
          [
              T=gainput::uint32_t
          ]
C:\src\vcpkg\installed\x64-windows-static\include\gainput\GainputContainers.h(309): message : while compiling class template member function 'gainput::HashMap<gainput::DeviceId,bool>::Node *gainput::HashMap<gainput::DeviceId,bool>::insert(const K &,const V &)'
          with
          [
              K=gainput::DeviceId,
              V=bool
          ]
C:\src\vcpkg\installed\x64-windows-static\include\gainput\GainputContainers.h(356): message : see reference to function template instantiation 'gainput::HashMap<gainput::DeviceId,bool>::Node *gainput::HashMap<gainput::DeviceId,bool>::insert(const K &,const V &)' being compiled
          with
          [
              K=gainput::DeviceId,
              V=bool
          ]
C:\src\vcpkg\installed\x64-windows-static\include\gainput\recorder\GainputInputRecorder.h(64): message : see reference to class template instantiation 'gainput::HashMap<gainput::DeviceId,bool>' being compiled
C:\src\vcpkg\installed\x64-windows-static\include\gainput\GainputContainers.h(330,1): warning C4267: '=': conversion from 'size_t' to 'gainput::uint32_t', possible loss of data
  CEDX12Manager.cpp
F:\Projects\ConceptEngine\ConceptEngine\ConceptEngine\ConceptEngineFramework\Graphics\DirectX12\CEDX12Manager.h(38,50): warning C4099: 'std::default_delete<ConceptEngineFramework::Graphics::DirectX12::CEDX12Manager>': type name first seen using 'struct' now seen using 'class'
F:\Projects\ConceptEngine\ConceptEngine\ConceptEngine\ConceptEngineFramework\Graphics\DirectX12\CEDX12Manager.h(38): message : see declaration of 'std::default_delete<ConceptEngineFramework::Graphics::DirectX12::CEDX12Manager>'
  CEVManager.cpp
F:\Projects\ConceptEngine\ConceptEngine\ConceptEngine\ConceptEngineFramework\Graphics\Vulkan\CEVManager.h(13,47): warning C4099: 'std::default_delete<ConceptEngineFramework::Graphics::Vulkan::CEVManager>': type name first seen using 'struct' now seen using 'class'
F:\Projects\ConceptEngine\ConceptEngine\ConceptEngine\ConceptEngineFramework\Graphics\Vulkan\CEVManager.h(13): message : see declaration of 'std::default_delete<ConceptEngineFramework::Graphics::Vulkan::CEVManager>'
  Generating Code...
  ConceptEngineFramework.vcxproj -> F:\Projects\ConceptEngine\ConceptEngine\ConceptEngine\x64\Debug\ConceptEngineFramework.lib
