
F:\Projects\ConceptEngine\ConceptEngine\ConceptEngine\x64\Debug\Qt5Widgetsd.dll
F:\Projects\ConceptEngine\ConceptEngine\ConceptEngine\x64\Debug\Qt5Guid.dll
F:\Projects\ConceptEngine\ConceptEngine\ConceptEngine\x64\Debug\plugins\platforms\qwindowsd.dll
F:\Projects\ConceptEngine\ConceptEngine\ConceptEngine\x64\Debug\plugins\imageformats\qgifd.dll
F:\Projects\ConceptEngine\ConceptEngine\ConceptEngine\x64\Debug\Qt5Cored.dll
F:\Projects\ConceptEngine\ConceptEngine\ConceptEngine\x64\Debug\zlibd1.dll
F:\Projects\ConceptEngine\ConceptEngine\ConceptEngine\x64\Debug\icuind67.dll
F:\Projects\ConceptEngine\ConceptEngine\ConceptEngine\x64\Debug\icuucd67.dll
F:\Projects\ConceptEngine\ConceptEngine\ConceptEngine\x64\Debug\icudtd67.dll
F:\Projects\ConceptEngine\ConceptEngine\ConceptEngine\x64\Debug\pcre2-16d.dll
F:\Projects\ConceptEngine\ConceptEngine\ConceptEngine\x64\Debug\zstdd.dll
F:\Projects\ConceptEngine\ConceptEngine\ConceptEngine\x64\Debug\plugins\imageformats\qicnsd.dll
F:\Projects\ConceptEngine\ConceptEngine\ConceptEngine\x64\Debug\plugins\imageformats\qicod.dll
F:\Projects\ConceptEngine\ConceptEngine\ConceptEngine\x64\Debug\plugins\imageformats\qjp2d.dll
F:\Projects\ConceptEngine\ConceptEngine\ConceptEngine\x64\Debug\jasperd.dll
F:\Projects\ConceptEngine\ConceptEngine\ConceptEngine\x64\Debug\jpeg62.dll
F:\Projects\ConceptEngine\ConceptEngine\ConceptEngine\x64\Debug\plugins\imageformats\qjpegd.dll
F:\Projects\ConceptEngine\ConceptEngine\ConceptEngine\x64\Debug\plugins\imageformats\qsvgd.dll
F:\Projects\ConceptEngine\ConceptEngine\ConceptEngine\x64\Debug\Qt5Svgd.dll
F:\Projects\ConceptEngine\ConceptEngine\ConceptEngine\x64\Debug\plugins\imageformats\qtgad.dll
F:\Projects\ConceptEngine\ConceptEngine\ConceptEngine\x64\Debug\plugins\imageformats\qtiffd.dll
F:\Projects\ConceptEngine\ConceptEngine\ConceptEngine\x64\Debug\tiffd.dll
F:\Projects\ConceptEngine\ConceptEngine\ConceptEngine\x64\Debug\lzmad.dll
F:\Projects\ConceptEngine\ConceptEngine\ConceptEngine\x64\Debug\plugins\imageformats\qwbmpd.dll
F:\Projects\ConceptEngine\ConceptEngine\ConceptEngine\x64\Debug\plugins\imageformats\qwebpd.dll
F:\Projects\ConceptEngine\ConceptEngine\ConceptEngine\x64\Debug\webpdecoderd.dll
F:\Projects\ConceptEngine\ConceptEngine\ConceptEngine\x64\Debug\webpdemuxd.dll
F:\Projects\ConceptEngine\ConceptEngine\ConceptEngine\x64\Debug\webpd.dll
F:\Projects\ConceptEngine\ConceptEngine\ConceptEngine\x64\Debug\libwebpmuxd.dll
F:\Projects\ConceptEngine\ConceptEngine\ConceptEngine\x64\Debug\plugins\iconengines\qsvgicond.dll
F:\Projects\ConceptEngine\ConceptEngine\ConceptEngine\x64\Debug\plugins\styles\qwindowsvistastyled.dll
F:\Projects\ConceptEngine\ConceptEngine\ConceptEngine\x64\Debug\harfbuzz.dll
F:\Projects\ConceptEngine\ConceptEngine\ConceptEngine\x64\Debug\freetyped.dll
F:\Projects\ConceptEngine\ConceptEngine\ConceptEngine\x64\Debug\bz2d.dll
F:\Projects\ConceptEngine\ConceptEngine\ConceptEngine\x64\Debug\libpng16d.dll
F:\Projects\ConceptEngine\ConceptEngine\ConceptEngine\x64\Debug\brotlidec.dll
F:\Projects\ConceptEngine\ConceptEngine\ConceptEngine\x64\Debug\brotlicommon.dll
