  CEDirect3DGraphics.cpp
F:\Projects\ConceptEngine\api\platform\microsoft\windows\ConceptEngine\ConceptEngine\ConceptEngineFramework\CEDirect3DGraphics.cpp(231,4): error C2593: 'operator *' is ambiguous
F:\Projects\ConceptEngine\api\platform\microsoft\windows\ConceptEngine\ConceptEngine\ConceptEngineFramework\CEDirect3DGraphics.cpp(231,4): message : could be 'built-in C++ operator*(void **)'
F:\Projects\ConceptEngine\api\platform\microsoft\windows\ConceptEngine\ConceptEngine\ConceptEngineFramework\CEDirect3DGraphics.cpp(231,4): message : or       'built-in C++ operator*(IInspectable **)'
F:\Projects\ConceptEngine\api\platform\microsoft\windows\ConceptEngine\ConceptEngine\ConceptEngineFramework\CEDirect3DGraphics.cpp(231,4): message : or       'built-in C++ operator*(IUnknown **)'
F:\Projects\ConceptEngine\api\platform\microsoft\windows\ConceptEngine\ConceptEngine\ConceptEngineFramework\CEDirect3DGraphics.cpp(231,4): message : while trying to match the argument list '(const Microsoft::WRL::Details::ComPtrRef<const Microsoft::WRL::ComPtr<ID3D12Device>>)'
F:\Projects\ConceptEngine\api\platform\microsoft\windows\ConceptEngine\ConceptEngine\ConceptEngineFramework\CEDirect3DGraphics.cpp(231,4): error C2100: illegal indirection
F:\Projects\ConceptEngine\api\platform\microsoft\windows\ConceptEngine\ConceptEngine\ConceptEngineFramework\CEDirect3DGraphics.cpp(228,17): error C2660: 'D3D12CreateDevice': function does not take 3 arguments
C:\Program Files (x86)\Windows Kits\10\Include\10.0.19041.0\um\d3d12.h(18561,16): message : see declaration of 'D3D12CreateDevice'
F:\Projects\ConceptEngine\api\platform\microsoft\windows\ConceptEngine\ConceptEngine\ConceptEngineFramework\CEDirect3DGraphics.cpp(241,4): error C2593: 'operator *' is ambiguous
F:\Projects\ConceptEngine\api\platform\microsoft\windows\ConceptEngine\ConceptEngine\ConceptEngineFramework\CEDirect3DGraphics.cpp(241,4): message : could be 'built-in C++ operator*(void **)'
F:\Projects\ConceptEngine\api\platform\microsoft\windows\ConceptEngine\ConceptEngine\ConceptEngineFramework\CEDirect3DGraphics.cpp(241,4): message : or       'built-in C++ operator*(IInspectable **)'
F:\Projects\ConceptEngine\api\platform\microsoft\windows\ConceptEngine\ConceptEngine\ConceptEngineFramework\CEDirect3DGraphics.cpp(241,4): message : or       'built-in C++ operator*(IUnknown **)'
F:\Projects\ConceptEngine\api\platform\microsoft\windows\ConceptEngine\ConceptEngine\ConceptEngineFramework\CEDirect3DGraphics.cpp(241,4): message : while trying to match the argument list '(const Microsoft::WRL::Details::ComPtrRef<const Microsoft::WRL::ComPtr<ID3D12Device>>)'
F:\Projects\ConceptEngine\api\platform\microsoft\windows\ConceptEngine\ConceptEngine\ConceptEngineFramework\CEDirect3DGraphics.cpp(241,4): error C2100: illegal indirection
F:\Projects\ConceptEngine\api\platform\microsoft\windows\ConceptEngine\ConceptEngine\ConceptEngineFramework\CEDirect3DGraphics.cpp(238,17): error C2660: 'D3D12CreateDevice': function does not take 3 arguments
C:\Program Files (x86)\Windows Kits\10\Include\10.0.19041.0\um\d3d12.h(18561,16): message : see declaration of 'D3D12CreateDevice'
F:\Projects\ConceptEngine\api\platform\microsoft\windows\ConceptEngine\ConceptEngine\ConceptEngineFramework\CEDirect3DGraphics.cpp(245,2): error C2561: 'CEDirect3DGraphics::GetAdapter': function must return a value
F:\Projects\ConceptEngine\api\platform\microsoft\windows\ConceptEngine\ConceptEngine\ConceptEngineFramework\CEDirect3DGraphics.cpp(222): message : see declaration of 'CEDirect3DGraphics::GetAdapter'
  CEGraphics.cpp
  Generating Code...
