f:\projects\conceptengine\api\platform\microsoft\windows\conceptengine\conceptengine\conceptengineframework\x64\debug\conceptengineframework.pdb
f:\projects\conceptengine\api\platform\microsoft\windows\conceptengine\conceptengine\conceptengineframework\x64\debug\conceptengineframework.idb
f:\projects\conceptengine\api\platform\microsoft\windows\conceptengine\conceptengine\conceptengineframework\x64\debug\cevertexbuffer.obj
f:\projects\conceptengine\api\platform\microsoft\windows\conceptengine\conceptengine\conceptengineframework\x64\debug\cevertextypes.obj
f:\projects\conceptengine\api\platform\microsoft\windows\conceptengine\conceptengine\conceptengineframework\x64\debug\cevisitor.obj
f:\projects\conceptengine\api\platform\microsoft\windows\conceptengine\conceptengine\conceptengineframework\x64\debug\ceinput.obj
f:\projects\conceptengine\api\platform\microsoft\windows\conceptengine\conceptengine\conceptengineframework\x64\debug\cekeyboard.obj
f:\projects\conceptengine\api\platform\microsoft\windows\conceptengine\conceptengine\conceptengineframework\x64\debug\cemath.obj
f:\projects\conceptengine\api\platform\microsoft\windows\conceptengine\conceptengine\conceptengineframework\x64\debug\cemetalgraphics.obj
f:\projects\conceptengine\api\platform\microsoft\windows\conceptengine\conceptengine\conceptengineframework\x64\debug\cemouse.obj
f:\projects\conceptengine\api\platform\microsoft\windows\conceptengine\conceptengine\conceptengineframework\x64\debug\ceopenglgraphics.obj
f:\projects\conceptengine\api\platform\microsoft\windows\conceptengine\conceptengine\conceptengineframework\x64\debug\ceostools.obj
f:\projects\conceptengine\api\platform\microsoft\windows\conceptengine\conceptengine\conceptengineframework\x64\debug\cescreen.obj
f:\projects\conceptengine\api\platform\microsoft\windows\conceptengine\conceptengine\conceptengineframework\x64\debug\cetimer.obj
f:\projects\conceptengine\api\platform\microsoft\windows\conceptengine\conceptengine\conceptengineframework\x64\debug\cetools.obj
f:\projects\conceptengine\api\platform\microsoft\windows\conceptengine\conceptengine\conceptengineframework\x64\debug\cevulkan.obj
f:\projects\conceptengine\api\platform\microsoft\windows\conceptengine\conceptengine\conceptengineframework\x64\debug\cevulkangraphics.obj
f:\projects\conceptengine\api\platform\microsoft\windows\conceptengine\conceptengine\conceptengineframework\x64\debug\cewindowmessage.obj
f:\projects\conceptengine\api\platform\microsoft\windows\conceptengine\conceptengine\conceptengineframework\x64\debug\conceptengine.obj
f:\projects\conceptengine\api\platform\microsoft\windows\conceptengine\conceptengine\conceptengineframework\x64\debug\ceimgui.obj
f:\projects\conceptengine\api\platform\microsoft\windows\conceptengine\conceptengine\conceptengineframework\x64\debug\cegeneratemipspso.obj
f:\projects\conceptengine\api\platform\microsoft\windows\conceptengine\conceptengine\conceptengineframework\x64\debug\cedirectxgraphics.obj
f:\projects\conceptengine\api\platform\microsoft\windows\conceptengine\conceptengine\conceptengineframework\x64\debug\cegui.obj
f:\projects\conceptengine\api\platform\microsoft\windows\conceptengine\conceptengine\conceptengineframework\x64\debug\ceindexbuffer.obj
f:\projects\conceptengine\api\platform\microsoft\windows\conceptengine\conceptengine\conceptengineframework\x64\debug\cematerial.obj
f:\projects\conceptengine\api\platform\microsoft\windows\conceptengine\conceptengine\conceptengineframework\x64\debug\cemesh.obj
f:\projects\conceptengine\api\platform\microsoft\windows\conceptengine\conceptengine\conceptengineframework\x64\debug\cepanotocubemappso.obj
f:\projects\conceptengine\api\platform\microsoft\windows\conceptengine\conceptengine\conceptengineframework\x64\debug\cepipelinestateobject.obj
f:\projects\conceptengine\api\platform\microsoft\windows\conceptengine\conceptengine\conceptengineframework\x64\debug\cerendertarget.obj
f:\projects\conceptengine\api\platform\microsoft\windows\conceptengine\conceptengine\conceptengineframework\x64\debug\ceresource.obj
f:\projects\conceptengine\api\platform\microsoft\windows\conceptengine\conceptengine\conceptengineframework\x64\debug\ceresourcestatetracker.obj
f:\projects\conceptengine\api\platform\microsoft\windows\conceptengine\conceptengine\conceptengineframework\x64\debug\cerootsignature.obj
f:\projects\conceptengine\api\platform\microsoft\windows\conceptengine\conceptengine\conceptengineframework\x64\debug\cescene.obj
f:\projects\conceptengine\api\platform\microsoft\windows\conceptengine\conceptengine\conceptengineframework\x64\debug\cescenenode.obj
f:\projects\conceptengine\api\platform\microsoft\windows\conceptengine\conceptengine\conceptengineframework\x64\debug\ceshaderresourceview.obj
f:\projects\conceptengine\api\platform\microsoft\windows\conceptengine\conceptengine\conceptengineframework\x64\debug\cestructuredbuffer.obj
f:\projects\conceptengine\api\platform\microsoft\windows\conceptengine\conceptengine\conceptengineframework\x64\debug\ceswapchain.obj
f:\projects\conceptengine\api\platform\microsoft\windows\conceptengine\conceptengine\conceptengineframework\x64\debug\cetexture.obj
f:\projects\conceptengine\api\platform\microsoft\windows\conceptengine\conceptengine\conceptengineframework\x64\debug\ceunorderedaccessview.obj
f:\projects\conceptengine\api\platform\microsoft\windows\conceptengine\conceptengine\conceptengineframework\x64\debug\ceuploadbuffer.obj
f:\projects\conceptengine\api\platform\microsoft\windows\conceptengine\conceptengine\conceptengineframework\x64\debug\ceaudio.obj
f:\projects\conceptengine\api\platform\microsoft\windows\conceptengine\conceptengine\conceptengineframework\x64\debug\cecontroller.obj
f:\projects\conceptengine\api\platform\microsoft\windows\conceptengine\conceptengine\conceptengineframework\x64\debug\cebuffer.obj
f:\projects\conceptengine\api\platform\microsoft\windows\conceptengine\conceptengine\conceptengineframework\x64\debug\cebyteaddressbuffer.obj
f:\projects\conceptengine\api\platform\microsoft\windows\conceptengine\conceptengine\conceptengineframework\x64\debug\cedescriptorallocation.obj
f:\projects\conceptengine\api\platform\microsoft\windows\conceptengine\conceptengine\conceptengineframework\x64\debug\ceadapter.obj
f:\projects\conceptengine\api\platform\microsoft\windows\conceptengine\conceptengine\conceptengineframework\x64\debug\cecommandlist.obj
f:\projects\conceptengine\api\platform\microsoft\windows\conceptengine\conceptengine\conceptengineframework\x64\debug\cecommandqueue.obj
f:\projects\conceptengine\api\platform\microsoft\windows\conceptengine\conceptengine\conceptengineframework\x64\debug\ceconstantbuffer.obj
f:\projects\conceptengine\api\platform\microsoft\windows\conceptengine\conceptengine\conceptengineframework\x64\debug\ceconstantbufferview.obj
f:\projects\conceptengine\api\platform\microsoft\windows\conceptengine\conceptengine\conceptengineframework\x64\debug\cedescriptorallocator.obj
f:\projects\conceptengine\api\platform\microsoft\windows\conceptengine\conceptengine\conceptengineframework\x64\debug\cedescriptorallocatorpage.obj
f:\projects\conceptengine\api\platform\microsoft\windows\conceptengine\conceptengine\conceptengineframework\x64\debug\cedynamicdescriptorheap.obj
f:\projects\conceptengine\api\platform\microsoft\windows\conceptengine\conceptengine\x64\debug\shaders.hlsl
f:\projects\conceptengine\api\platform\microsoft\windows\conceptengine\conceptengine\x64\debug\cepixelshader.cso
f:\projects\conceptengine\api\platform\microsoft\windows\conceptengine\conceptengine\x64\debug\cetextpixelshader.cso
f:\projects\conceptengine\api\platform\microsoft\windows\conceptengine\conceptengine\x64\debug\cetextvertexshader.cso
f:\projects\conceptengine\api\platform\microsoft\windows\conceptengine\conceptengine\x64\debug\cevertexshader.cso
f:\projects\conceptengine\api\platform\microsoft\windows\conceptengine\conceptengine\conceptengineframework\x64\debug\concepte.d91c74fd.tlog\cl.command.1.tlog
f:\projects\conceptengine\api\platform\microsoft\windows\conceptengine\conceptengine\conceptengineframework\x64\debug\concepte.d91c74fd.tlog\cl.read.1.tlog
f:\projects\conceptengine\api\platform\microsoft\windows\conceptengine\conceptengine\conceptengineframework\x64\debug\concepte.d91c74fd.tlog\cl.write.1.tlog
f:\projects\conceptengine\api\platform\microsoft\windows\conceptengine\conceptengine\conceptengineframework\x64\debug\concepte.d91c74fd.tlog\custombuild.command.1.tlog
f:\projects\conceptengine\api\platform\microsoft\windows\conceptengine\conceptengine\conceptengineframework\x64\debug\concepte.d91c74fd.tlog\custombuild.read.1.tlog
f:\projects\conceptengine\api\platform\microsoft\windows\conceptengine\conceptengine\conceptengineframework\x64\debug\concepte.d91c74fd.tlog\custombuild.write.1.tlog
f:\projects\conceptengine\api\platform\microsoft\windows\conceptengine\conceptengine\conceptengineframework\x64\debug\concepte.d91c74fd.tlog\fxc.command.1.tlog
f:\projects\conceptengine\api\platform\microsoft\windows\conceptengine\conceptengine\conceptengineframework\x64\debug\concepte.d91c74fd.tlog\fxc.read.1.tlog
f:\projects\conceptengine\api\platform\microsoft\windows\conceptengine\conceptengine\conceptengineframework\x64\debug\concepte.d91c74fd.tlog\fxc.write.1.tlog
