  WinMain.cpp
F:\Projects\ConceptEngine\api\platform\microsoft\windows\ConceptEngine\ConceptEngine\ConceptEngineFramework\CELib.h(2,1): warning C4005: '_WIN32_WINNT': macro redefinition
C:\Program Files (x86)\Windows Kits\10\Include\10.0.19041.0\shared\sdkddkver.h(218): message : see previous definition of '_WIN32_WINNT'
F:\Projects\ConceptEngine\api\platform\microsoft\windows\ConceptEngine\ConceptEngine\ConceptEngineFramework\CELib.h(42,1): warning C4005: 'STRICT': macro redefinition
C:\Program Files (x86)\Windows Kits\10\Include\10.0.19041.0\shared\minwindef.h(23): message : see previous definition of 'STRICT'
ConceptEngineFramework.lib(CETools.obj) : error LNK2038: mismatch detected for '_ITERATOR_DEBUG_LEVEL': value '0' doesn't match value '2' in WinMain.obj
ConceptEngineFramework.lib(CETools.obj) : error LNK2038: mismatch detected for 'RuntimeLibrary': value 'MT_StaticRelease' doesn't match value 'MTd_StaticDebug' in WinMain.obj
ConceptEngineFramework.lib(CEWindow.obj) : error LNK2038: mismatch detected for '_ITERATOR_DEBUG_LEVEL': value '0' doesn't match value '2' in WinMain.obj
ConceptEngineFramework.lib(CEWindow.obj) : error LNK2038: mismatch detected for 'RuntimeLibrary': value 'MT_StaticRelease' doesn't match value 'MTd_StaticDebug' in WinMain.obj
ConceptEngineFramework.lib(ConceptEngine.obj) : error LNK2038: mismatch detected for '_ITERATOR_DEBUG_LEVEL': value '0' doesn't match value '2' in WinMain.obj
ConceptEngineFramework.lib(ConceptEngine.obj) : error LNK2038: mismatch detected for 'RuntimeLibrary': value 'MT_StaticRelease' doesn't match value 'MTd_StaticDebug' in WinMain.obj
ConceptEngineFramework.lib(CEKeyboard.obj) : error LNK2038: mismatch detected for '_ITERATOR_DEBUG_LEVEL': value '0' doesn't match value '2' in WinMain.obj
ConceptEngineFramework.lib(CEKeyboard.obj) : error LNK2038: mismatch detected for 'RuntimeLibrary': value 'MT_StaticRelease' doesn't match value 'MTd_StaticDebug' in WinMain.obj
ConceptEngineFramework.lib(CEMouse.obj) : error LNK2038: mismatch detected for '_ITERATOR_DEBUG_LEVEL': value '0' doesn't match value '2' in WinMain.obj
ConceptEngineFramework.lib(CEMouse.obj) : error LNK2038: mismatch detected for 'RuntimeLibrary': value 'MT_StaticRelease' doesn't match value 'MTd_StaticDebug' in WinMain.obj
ConceptEngineFramework.lib(CEGraphics.obj) : error LNK2038: mismatch detected for '_ITERATOR_DEBUG_LEVEL': value '0' doesn't match value '2' in WinMain.obj
ConceptEngineFramework.lib(CEGraphics.obj) : error LNK2038: mismatch detected for 'RuntimeLibrary': value 'MT_StaticRelease' doesn't match value 'MTd_StaticDebug' in WinMain.obj
ConceptEngineFramework.lib(CEWindowMessage.obj) : error LNK2038: mismatch detected for '_ITERATOR_DEBUG_LEVEL': value '0' doesn't match value '2' in WinMain.obj
ConceptEngineFramework.lib(CEWindowMessage.obj) : error LNK2038: mismatch detected for 'RuntimeLibrary': value 'MT_StaticRelease' doesn't match value 'MTd_StaticDebug' in WinMain.obj
ConceptEngineFramework.lib(CETimer.obj) : error LNK2038: mismatch detected for '_ITERATOR_DEBUG_LEVEL': value '0' doesn't match value '2' in WinMain.obj
ConceptEngineFramework.lib(CETimer.obj) : error LNK2038: mismatch detected for 'RuntimeLibrary': value 'MT_StaticRelease' doesn't match value 'MTd_StaticDebug' in WinMain.obj
ConceptEngineFramework.lib(CEGUI.obj) : error LNK2038: mismatch detected for '_ITERATOR_DEBUG_LEVEL': value '0' doesn't match value '2' in WinMain.obj
ConceptEngineFramework.lib(CEGUI.obj) : error LNK2038: mismatch detected for 'RuntimeLibrary': value 'MT_StaticRelease' doesn't match value 'MTd_StaticDebug' in WinMain.obj
ConceptEngineFramework.lib(CEDirect3DGraphics.obj) : error LNK2038: mismatch detected for '_ITERATOR_DEBUG_LEVEL': value '0' doesn't match value '2' in WinMain.obj
ConceptEngineFramework.lib(CEDirect3DGraphics.obj) : error LNK2038: mismatch detected for 'RuntimeLibrary': value 'MT_StaticRelease' doesn't match value 'MTd_StaticDebug' in WinMain.obj
ConceptEngineFramework.lib(CEMetalGraphics.obj) : error LNK2038: mismatch detected for '_ITERATOR_DEBUG_LEVEL': value '0' doesn't match value '2' in WinMain.obj
ConceptEngineFramework.lib(CEMetalGraphics.obj) : error LNK2038: mismatch detected for 'RuntimeLibrary': value 'MT_StaticRelease' doesn't match value 'MTd_StaticDebug' in WinMain.obj
ConceptEngineFramework.lib(CEOpenGLGraphics.obj) : error LNK2038: mismatch detected for '_ITERATOR_DEBUG_LEVEL': value '0' doesn't match value '2' in WinMain.obj
ConceptEngineFramework.lib(CEOpenGLGraphics.obj) : error LNK2038: mismatch detected for 'RuntimeLibrary': value 'MT_StaticRelease' doesn't match value 'MTd_StaticDebug' in WinMain.obj
ConceptEngineFramework.lib(CEVulkanGraphics.obj) : error LNK2038: mismatch detected for '_ITERATOR_DEBUG_LEVEL': value '0' doesn't match value '2' in WinMain.obj
ConceptEngineFramework.lib(CEVulkanGraphics.obj) : error LNK2038: mismatch detected for 'RuntimeLibrary': value 'MT_StaticRelease' doesn't match value 'MTd_StaticDebug' in WinMain.obj
ConceptEngineFramework.lib(CEOSTools.obj) : error LNK2038: mismatch detected for '_ITERATOR_DEBUG_LEVEL': value '0' doesn't match value '2' in WinMain.obj
ConceptEngineFramework.lib(CEOSTools.obj) : error LNK2038: mismatch detected for 'RuntimeLibrary': value 'MT_StaticRelease' doesn't match value 'MTd_StaticDebug' in WinMain.obj
LINK : warning LNK4098: defaultlib 'LIBCMT' conflicts with use of other libs; use /NODEFAULTLIB:library
F:\Projects\ConceptEngine\api\platform\microsoft\windows\ConceptEngine\ConceptEngine\x64\Debug\ConceptEngineEditor.exe : fatal error LNK1319: 28 mismatches detected
