f:\projects\conceptengine\api\platform\microsoft\windows\conceptengine\conceptengine\conceptengineeditor\x64\debug\vc142.pdb
f:\projects\conceptengine\api\platform\microsoft\windows\conceptengine\conceptengine\conceptengineeditor\x64\debug\vc142.idb
f:\projects\conceptengine\api\platform\microsoft\windows\conceptengine\conceptengine\conceptengineeditor\x64\debug\winmain.obj
f:\projects\conceptengine\api\platform\microsoft\windows\conceptengine\conceptengine\x64\debug\conceptengineeditor.lib
f:\projects\conceptengine\api\platform\microsoft\windows\conceptengine\conceptengine\x64\debug\conceptengineeditor.exp
f:\projects\conceptengine\api\platform\microsoft\windows\conceptengine\conceptengine\x64\debug\conceptengineeditor.exe
f:\projects\conceptengine\api\platform\microsoft\windows\conceptengine\conceptengine\x64\debug\conceptengineeditor.ilk
f:\projects\conceptengine\api\platform\microsoft\windows\conceptengine\conceptengine\x64\debug\conceptengineeditor.pdb
f:\projects\conceptengine\api\platform\microsoft\windows\conceptengine\conceptengine\conceptengineeditor\x64\debug\conceptengineeditor.res
f:\projects\conceptengine\api\platform\microsoft\windows\conceptengine\conceptengine\conceptengineeditor\x64\debug\concepte.46c0cbab.tlog\cl.command.1.tlog
f:\projects\conceptengine\api\platform\microsoft\windows\conceptengine\conceptengine\conceptengineeditor\x64\debug\concepte.46c0cbab.tlog\cl.read.1.tlog
f:\projects\conceptengine\api\platform\microsoft\windows\conceptengine\conceptengine\conceptengineeditor\x64\debug\concepte.46c0cbab.tlog\cl.write.1.tlog
f:\projects\conceptengine\api\platform\microsoft\windows\conceptengine\conceptengine\conceptengineeditor\x64\debug\concepte.46c0cbab.tlog\conceptengineeditor.write.1u.tlog
f:\projects\conceptengine\api\platform\microsoft\windows\conceptengine\conceptengine\conceptengineeditor\x64\debug\concepte.46c0cbab.tlog\link.27636.delete.1.tlog
f:\projects\conceptengine\api\platform\microsoft\windows\conceptengine\conceptengine\conceptengineeditor\x64\debug\concepte.46c0cbab.tlog\link.command.1.tlog
f:\projects\conceptengine\api\platform\microsoft\windows\conceptengine\conceptengine\conceptengineeditor\x64\debug\concepte.46c0cbab.tlog\link.delete.1.tlog
f:\projects\conceptengine\api\platform\microsoft\windows\conceptengine\conceptengine\conceptengineeditor\x64\debug\concepte.46c0cbab.tlog\link.read.1.tlog
f:\projects\conceptengine\api\platform\microsoft\windows\conceptengine\conceptengine\conceptengineeditor\x64\debug\concepte.46c0cbab.tlog\link.write.1.tlog
f:\projects\conceptengine\api\platform\microsoft\windows\conceptengine\conceptengine\conceptengineeditor\x64\debug\concepte.46c0cbab.tlog\rc.command.1.tlog
f:\projects\conceptengine\api\platform\microsoft\windows\conceptengine\conceptengine\conceptengineeditor\x64\debug\concepte.46c0cbab.tlog\rc.read.1.tlog
f:\projects\conceptengine\api\platform\microsoft\windows\conceptengine\conceptengine\conceptengineeditor\x64\debug\concepte.46c0cbab.tlog\rc.write.1.tlog
