f:\projects\conceptengine\api\platform\microsoft\windows\conceptengine\conceptengine\conceptengineframework\debug\conceptengineframework.pdb
f:\projects\conceptengine\api\platform\microsoft\windows\conceptengine\conceptengine\conceptengineframework\debug\conceptengineframework.idb
f:\projects\conceptengine\api\platform\microsoft\windows\conceptengine\conceptengine\conceptengineframework\debug\cevulkan.obj
f:\projects\conceptengine\api\platform\microsoft\windows\conceptengine\conceptengine\conceptengineframework\debug\cetools.obj
f:\projects\conceptengine\api\platform\microsoft\windows\conceptengine\conceptengine\conceptengineframework\debug\cetimer.obj
f:\projects\conceptengine\api\platform\microsoft\windows\conceptengine\conceptengine\conceptengineframework\debug\ceostools.obj
f:\projects\conceptengine\api\platform\microsoft\windows\conceptengine\conceptengine\conceptengineframework\debug\ceopenglgraphics.obj
f:\projects\conceptengine\api\platform\microsoft\windows\conceptengine\conceptengine\conceptengineframework\debug\ceopengldevice.obj
f:\projects\conceptengine\api\platform\microsoft\windows\conceptengine\conceptengine\conceptengineframework\debug\cemouse.obj
f:\projects\conceptengine\api\platform\microsoft\windows\conceptengine\conceptengine\conceptengineframework\debug\cemetalgraphics.obj
f:\projects\conceptengine\api\platform\microsoft\windows\conceptengine\conceptengine\conceptengineframework\debug\cemetaldevice.obj
f:\projects\conceptengine\api\platform\microsoft\windows\conceptengine\conceptengine\conceptengineframework\debug\cekeyboard.obj
f:\projects\conceptengine\api\platform\microsoft\windows\conceptengine\conceptengine\conceptengineframework\debug\cedirect3dinfomanager.obj
f:\projects\conceptengine\api\platform\microsoft\windows\conceptengine\conceptengine\conceptengineframework\debug\cegraphics.obj
f:\projects\conceptengine\api\platform\microsoft\windows\conceptengine\conceptengine\conceptengineframework\debug\ceexception.obj
f:\projects\conceptengine\api\platform\microsoft\windows\conceptengine\conceptengine\conceptengineframework\debug\cedirect3dnode.obj
f:\projects\conceptengine\api\platform\microsoft\windows\conceptengine\conceptengine\conceptengineframework\debug\cedirect3dgraphics.obj
f:\projects\conceptengine\api\platform\microsoft\windows\conceptengine\conceptengine\conceptengineframework\debug\cedirect3dcube.obj
f:\projects\conceptengine\api\platform\microsoft\windows\conceptengine\conceptengine\conceptengineframework\debug\ced3d12device.obj
f:\projects\conceptengine\api\platform\microsoft\windows\conceptengine\conceptengine\conceptengineframework\debug\ced3d12commandqueue.obj
f:\projects\conceptengine\api\platform\microsoft\windows\conceptengine\conceptengine\conceptengineframework\debug\ced3d11device.obj
f:\projects\conceptengine\api\platform\microsoft\windows\conceptengine\conceptengine\conceptengineframework\debug\cecontroller.obj
f:\projects\conceptengine\api\platform\microsoft\windows\conceptengine\conceptengine\conceptengineframework\debug\conceptengine.obj
f:\projects\conceptengine\api\platform\microsoft\windows\conceptengine\conceptengine\conceptengineframework\debug\cewindowmessage.obj
f:\projects\conceptengine\api\platform\microsoft\windows\conceptengine\conceptengine\conceptengineframework\debug\cewindow.obj
f:\projects\conceptengine\api\platform\microsoft\windows\conceptengine\conceptengine\conceptengineframework\debug\cevulkangraphics.obj
f:\projects\conceptengine\api\platform\microsoft\windows\conceptengine\conceptengine\conceptengineframework\debug\cevulkandevice.obj
f:\projects\conceptengine\api\platform\microsoft\windows\conceptengine\conceptengine\debug\shaders.hlsl
f:\projects\conceptengine\api\platform\microsoft\windows\conceptengine\conceptengine\debug\cepixelshader.cso
f:\projects\conceptengine\api\platform\microsoft\windows\conceptengine\conceptengine\debug\cevertexshader.cso
f:\projects\conceptengine\api\platform\microsoft\windows\conceptengine\conceptengine\debug\conceptengineframework.lib
f:\projects\conceptengine\api\platform\microsoft\windows\conceptengine\conceptengine\conceptengineframework\debug\conceptengineframework.res
f:\projects\conceptengine\api\platform\microsoft\windows\conceptengine\conceptengine\conceptengineframework\debug\concepte.d91c74fd.tlog\cl.command.1.tlog
f:\projects\conceptengine\api\platform\microsoft\windows\conceptengine\conceptengine\conceptengineframework\debug\concepte.d91c74fd.tlog\cl.read.1.tlog
f:\projects\conceptengine\api\platform\microsoft\windows\conceptengine\conceptengine\conceptengineframework\debug\concepte.d91c74fd.tlog\cl.write.1.tlog
f:\projects\conceptengine\api\platform\microsoft\windows\conceptengine\conceptengine\conceptengineframework\debug\concepte.d91c74fd.tlog\custombuild.command.1.tlog
f:\projects\conceptengine\api\platform\microsoft\windows\conceptengine\conceptengine\conceptengineframework\debug\concepte.d91c74fd.tlog\custombuild.read.1.tlog
f:\projects\conceptengine\api\platform\microsoft\windows\conceptengine\conceptengine\conceptengineframework\debug\concepte.d91c74fd.tlog\custombuild.write.1.tlog
f:\projects\conceptengine\api\platform\microsoft\windows\conceptengine\conceptengine\conceptengineframework\debug\concepte.d91c74fd.tlog\fxc.command.1.tlog
f:\projects\conceptengine\api\platform\microsoft\windows\conceptengine\conceptengine\conceptengineframework\debug\concepte.d91c74fd.tlog\fxc.read.1.tlog
f:\projects\conceptengine\api\platform\microsoft\windows\conceptengine\conceptengine\conceptengineframework\debug\concepte.d91c74fd.tlog\fxc.write.1.tlog
f:\projects\conceptengine\api\platform\microsoft\windows\conceptengine\conceptengine\conceptengineframework\debug\concepte.d91c74fd.tlog\lib-link-cvtres.read.1.tlog
f:\projects\conceptengine\api\platform\microsoft\windows\conceptengine\conceptengine\conceptengineframework\debug\concepte.d91c74fd.tlog\lib-link-cvtres.write.1.tlog
f:\projects\conceptengine\api\platform\microsoft\windows\conceptengine\conceptengine\conceptengineframework\debug\concepte.d91c74fd.tlog\lib.command.1.tlog
f:\projects\conceptengine\api\platform\microsoft\windows\conceptengine\conceptengine\conceptengineframework\debug\concepte.d91c74fd.tlog\rc.command.1.tlog
f:\projects\conceptengine\api\platform\microsoft\windows\conceptengine\conceptengine\conceptengineframework\debug\concepte.d91c74fd.tlog\rc.read.1.tlog
f:\projects\conceptengine\api\platform\microsoft\windows\conceptengine\conceptengine\conceptengineframework\debug\concepte.d91c74fd.tlog\rc.write.1.tlog
