f:\projects\conceptengine\api\platform\microsoft\windows\directx\conceptengine\conceptengine\conceptengine\debug\conceptengine.obj
f:\projects\conceptengine\api\platform\microsoft\windows\directx\conceptengine\conceptengine\conceptengine\debug\cewindow.obj
f:\projects\conceptengine\api\platform\microsoft\windows\directx\conceptengine\conceptengine\conceptengine\debug\winmain.obj
f:\projects\conceptengine\api\platform\microsoft\windows\directx\conceptengine\conceptengine\conceptengine\debug\cegraphics.obj
f:\projects\conceptengine\api\platform\microsoft\windows\directx\conceptengine\conceptengine\conceptengine\debug\cetimer.obj
f:\projects\conceptengine\api\platform\microsoft\windows\directx\conceptengine\conceptengine\conceptengine\debug\ceconverters.obj
f:\projects\conceptengine\api\platform\microsoft\windows\directx\conceptengine\conceptengine\conceptengine\debug\ceexception.obj
f:\projects\conceptengine\api\platform\microsoft\windows\directx\conceptengine\conceptengine\conceptengine\debug\ceplaystationcontroller.obj
f:\projects\conceptengine\api\platform\microsoft\windows\directx\conceptengine\conceptengine\conceptengine\debug\cewindowsmessage.obj
f:\projects\conceptengine\api\platform\microsoft\windows\directx\conceptengine\conceptengine\conceptengine\debug\cemouse.obj
f:\projects\conceptengine\api\platform\microsoft\windows\directx\conceptengine\conceptengine\conceptengine\debug\cexboxcontroller.obj
f:\projects\conceptengine\api\platform\microsoft\windows\directx\conceptengine\conceptengine\conceptengine\debug\cekeyboard.obj
f:\projects\conceptengine\api\platform\microsoft\windows\directx\conceptengine\conceptengine\conceptengine\debug\vc142.pdb
f:\projects\conceptengine\api\platform\microsoft\windows\directx\conceptengine\conceptengine\conceptengine\debug\conceptengine.res
f:\projects\conceptengine\api\platform\microsoft\windows\directx\conceptengine\conceptengine\conceptengine\debug\vc142.idb
f:\projects\conceptengine\api\platform\microsoft\windows\directx\conceptengine\conceptengine\debug\conceptengine.pdb
f:\projects\conceptengine\api\platform\microsoft\windows\directx\conceptengine\conceptengine\conceptengine\debug\conceptengine.tlog\cl.command.1.tlog
f:\projects\conceptengine\api\platform\microsoft\windows\directx\conceptengine\conceptengine\conceptengine\debug\conceptengine.tlog\cl.read.1.tlog
f:\projects\conceptengine\api\platform\microsoft\windows\directx\conceptengine\conceptengine\conceptengine\debug\conceptengine.tlog\cl.write.1.tlog
f:\projects\conceptengine\api\platform\microsoft\windows\directx\conceptengine\conceptengine\conceptengine\debug\conceptengine.tlog\link-cvtres.read.1.tlog
f:\projects\conceptengine\api\platform\microsoft\windows\directx\conceptengine\conceptengine\conceptengine\debug\conceptengine.tlog\link-cvtres.write.1.tlog
f:\projects\conceptengine\api\platform\microsoft\windows\directx\conceptengine\conceptengine\conceptengine\debug\conceptengine.tlog\link-rc.read.1.tlog
f:\projects\conceptengine\api\platform\microsoft\windows\directx\conceptengine\conceptengine\conceptengine\debug\conceptengine.tlog\link-rc.write.1.tlog
f:\projects\conceptengine\api\platform\microsoft\windows\directx\conceptengine\conceptengine\conceptengine\debug\conceptengine.tlog\link.29784-cvtres.read.1.tlog
f:\projects\conceptengine\api\platform\microsoft\windows\directx\conceptengine\conceptengine\conceptengine\debug\conceptengine.tlog\link.29784-cvtres.write.1.tlog
f:\projects\conceptengine\api\platform\microsoft\windows\directx\conceptengine\conceptengine\conceptengine\debug\conceptengine.tlog\link.29784-rc.read.1.tlog
f:\projects\conceptengine\api\platform\microsoft\windows\directx\conceptengine\conceptengine\conceptengine\debug\conceptengine.tlog\link.29784-rc.write.1.tlog
f:\projects\conceptengine\api\platform\microsoft\windows\directx\conceptengine\conceptengine\conceptengine\debug\conceptengine.tlog\link.29784.read.1.tlog
f:\projects\conceptengine\api\platform\microsoft\windows\directx\conceptengine\conceptengine\conceptengine\debug\conceptengine.tlog\link.29784.write.1.tlog
f:\projects\conceptengine\api\platform\microsoft\windows\directx\conceptengine\conceptengine\conceptengine\debug\conceptengine.tlog\link.command.1.tlog
f:\projects\conceptengine\api\platform\microsoft\windows\directx\conceptengine\conceptengine\conceptengine\debug\conceptengine.tlog\link.read.1.tlog
f:\projects\conceptengine\api\platform\microsoft\windows\directx\conceptengine\conceptengine\conceptengine\debug\conceptengine.tlog\link.write.1.tlog
f:\projects\conceptengine\api\platform\microsoft\windows\directx\conceptengine\conceptengine\conceptengine\debug\conceptengine.tlog\rc.command.1.tlog
f:\projects\conceptengine\api\platform\microsoft\windows\directx\conceptengine\conceptengine\conceptengine\debug\conceptengine.tlog\rc.read.1.tlog
f:\projects\conceptengine\api\platform\microsoft\windows\directx\conceptengine\conceptengine\conceptengine\debug\conceptengine.tlog\rc.write.1.tlog
