  CEException.cpp
  CEGraphics.cpp
  CEKeyboard.cpp
  CEMouse.cpp
  CEPlaystationController.cpp
  CETimer.cpp
  CEWindow.cpp
  CEConverters.cpp
  CEWindowsMessage.cpp
  CEXboxController.cpp
  ConceptEngine.cpp
  WinMain.cpp
C:\Program Files (x86)\Microsoft Visual Studio\2019\Community\VC\Tools\MSVC\14.28.29333\include\xstring(2468,23): warning C4244: 'argument': conversion from 'wchar_t' to 'const _Elem', possible loss of data
          with
          [
              _Elem=char
          ] (compiling source file CEGraphics.cpp)
C:\Program Files (x86)\Microsoft Visual Studio\2019\Community\VC\Tools\MSVC\14.28.29333\include\xstring(2479): message : see reference to function template instantiation 'void std::basic_string<char,std::char_traits<char>,std::allocator<char>>::_Construct<wchar_t*>(_Iter,const _Iter,std::input_iterator_tag)' being compiled
          with
          [
              _Iter=wchar_t *
          ] (compiling source file CEGraphics.cpp)
C:\Program Files (x86)\Microsoft Visual Studio\2019\Community\VC\Tools\MSVC\14.28.29333\include\xstring(2479): message : see reference to function template instantiation 'void std::basic_string<char,std::char_traits<char>,std::allocator<char>>::_Construct<wchar_t*>(_Iter,const _Iter,std::input_iterator_tag)' being compiled
          with
          [
              _Iter=wchar_t *
          ] (compiling source file CEGraphics.cpp)
C:\Program Files (x86)\Microsoft Visual Studio\2019\Community\VC\Tools\MSVC\14.28.29333\include\xstring(2459): message : see reference to function template instantiation 'void std::basic_string<char,std::char_traits<char>,std::allocator<char>>::_Construct<wchar_t*>(const _Iter,const _Iter,std::forward_iterator_tag)' being compiled
          with
          [
              _Iter=wchar_t *
          ] (compiling source file CEGraphics.cpp)
C:\Program Files (x86)\Microsoft Visual Studio\2019\Community\VC\Tools\MSVC\14.28.29333\include\xstring(2459): message : see reference to function template instantiation 'void std::basic_string<char,std::char_traits<char>,std::allocator<char>>::_Construct<wchar_t*>(const _Iter,const _Iter,std::forward_iterator_tag)' being compiled
          with
          [
              _Iter=wchar_t *
          ] (compiling source file CEGraphics.cpp)
F:\Projects\ConceptEngine\api\platform\microsoft\windows\directx\ConceptEngine\ConceptEngine\ConceptEngine\CEGraphics.cpp(34): message : see reference to function template instantiation 'std::basic_string<char,std::char_traits<char>,std::allocator<char>>::basic_string<std::_String_iterator<std::_String_val<std::_Simple_types<_Elem>>>,0>(_Iter,_Iter,const _Alloc &)' being compiled
          with
          [
              _Elem=wchar_t,
              _Iter=std::_String_iterator<std::_String_val<std::_Simple_types<wchar_t>>>,
              _Alloc=std::allocator<char>
          ]
F:\Projects\ConceptEngine\api\platform\microsoft\windows\directx\ConceptEngine\ConceptEngine\ConceptEngine\CEGraphics.cpp(34): message : see reference to function template instantiation 'std::basic_string<char,std::char_traits<char>,std::allocator<char>>::basic_string<std::_String_iterator<std::_String_val<std::_Simple_types<_Elem>>>,0>(_Iter,_Iter,const _Alloc &)' being compiled
          with
          [
              _Elem=wchar_t,
              _Iter=std::_String_iterator<std::_String_val<std::_Simple_types<wchar_t>>>,
              _Alloc=std::allocator<char>
          ]
CEGraphics.obj : error LNK2019: unresolved external symbol _DXGetErrorStringW@4 referenced in function "public: class std::basic_string<char,struct std::char_traits<char>,class std::allocator<char> > __thiscall CEGraphics::HResultException::GetErrorMessage(void)const " (?GetErrorMessage@HResultException@CEGraphics@@QBE?AV?$basic_string@DU?$char_traits@D@std@@V?$allocator@D@2@@std@@XZ)
CEGraphics.obj : error LNK2019: unresolved external symbol _DXGetErrorDescriptionW@12 referenced in function "public: class std::basic_string<char,struct std::char_traits<char>,class std::allocator<char> > __thiscall CEGraphics::HResultException::GetErrorDescription(void)const " (?GetErrorDescription@HResultException@CEGraphics@@QBE?AV?$basic_string@DU?$char_traits@D@std@@V?$allocator@D@2@@std@@XZ)
F:\Projects\ConceptEngine\api\platform\microsoft\windows\directx\ConceptEngine\ConceptEngine\Debug\ConceptEngine.exe : fatal error LNK1120: 2 unresolved externals
