f:\projects\conceptengine\api\platform\microsoft\windows\directx\conceptengine\conceptengine\conceptengine\debug\ceexception.obj
f:\projects\conceptengine\api\platform\microsoft\windows\directx\conceptengine\conceptengine\conceptengine\debug\cemouse.obj
f:\projects\conceptengine\api\platform\microsoft\windows\directx\conceptengine\conceptengine\conceptengine\debug\dxerr.obj
f:\projects\conceptengine\api\platform\microsoft\windows\directx\conceptengine\conceptengine\conceptengine\debug\ceplaystationcontroller.obj
f:\projects\conceptengine\api\platform\microsoft\windows\directx\conceptengine\conceptengine\conceptengine\debug\cedirect3dgraphics.obj
f:\projects\conceptengine\api\platform\microsoft\windows\directx\conceptengine\conceptengine\conceptengine\debug\cewindowsmessage.obj
f:\projects\conceptengine\api\platform\microsoft\windows\directx\conceptengine\conceptengine\conceptengine\debug\cevulkangraphics.obj
f:\projects\conceptengine\api\platform\microsoft\windows\directx\conceptengine\conceptengine\conceptengine\debug\cexboxcontroller.obj
f:\projects\conceptengine\api\platform\microsoft\windows\directx\conceptengine\conceptengine\conceptengine\debug\conceptengine.obj
f:\projects\conceptengine\api\platform\microsoft\windows\directx\conceptengine\conceptengine\conceptengine\debug\cedirect3d12graphics.obj
f:\projects\conceptengine\api\platform\microsoft\windows\directx\conceptengine\conceptengine\conceptengine\debug\ceopenglgraphics.obj
f:\projects\conceptengine\api\platform\microsoft\windows\directx\conceptengine\conceptengine\conceptengine\debug\cetimer.obj
f:\projects\conceptengine\api\platform\microsoft\windows\directx\conceptengine\conceptengine\conceptengine\debug\cedirect3d11graphics.obj
f:\projects\conceptengine\api\platform\microsoft\windows\directx\conceptengine\conceptengine\conceptengine\debug\winmain.obj
f:\projects\conceptengine\api\platform\microsoft\windows\directx\conceptengine\conceptengine\conceptengine\debug\cewindow.obj
f:\projects\conceptengine\api\platform\microsoft\windows\directx\conceptengine\conceptengine\conceptengine\debug\ceconverters.obj
f:\projects\conceptengine\api\platform\microsoft\windows\directx\conceptengine\conceptengine\conceptengine\debug\cekeyboard.obj
f:\projects\conceptengine\api\platform\microsoft\windows\directx\conceptengine\conceptengine\conceptengine\debug\cedxgiinfomanager.obj
f:\projects\conceptengine\api\platform\microsoft\windows\directx\conceptengine\conceptengine\conceptengine\debug\cegraphics.obj
f:\projects\conceptengine\api\platform\microsoft\windows\directx\conceptengine\conceptengine\conceptengine\debug\vc142.pdb
f:\projects\conceptengine\api\platform\microsoft\windows\directx\conceptengine\conceptengine\conceptengine\debug\vc142.idb
f:\projects\conceptengine\api\platform\microsoft\windows\directx\conceptengine\conceptengine\debug\ced3d12pixelshader.cso
f:\projects\conceptengine\api\platform\microsoft\windows\directx\conceptengine\conceptengine\debug\ced3d12vertexshader.cso
f:\projects\conceptengine\api\platform\microsoft\windows\directx\conceptengine\conceptengine\conceptengine\cepixelshader.cso
f:\projects\conceptengine\api\platform\microsoft\windows\directx\conceptengine\conceptengine\conceptengine\cevertexshader.cso
f:\projects\conceptengine\api\platform\microsoft\windows\directx\conceptengine\conceptengine\debug\shader.cso
f:\projects\conceptengine\api\platform\microsoft\windows\directx\conceptengine\conceptengine\debug\conceptengine.exe
f:\projects\conceptengine\api\platform\microsoft\windows\directx\conceptengine\conceptengine\debug\conceptengine.ilk
f:\projects\conceptengine\api\platform\microsoft\windows\directx\conceptengine\conceptengine\debug\conceptengine.pdb
f:\projects\conceptengine\api\platform\microsoft\windows\directx\conceptengine\conceptengine\conceptengine\debug\conceptengine.res
f:\projects\conceptengine\api\platform\microsoft\windows\directx\conceptengine\conceptengine\conceptengine\debug\cewindow.new.obj.enc
f:\projects\conceptengine\api\platform\microsoft\windows\directx\conceptengine\conceptengine\conceptengine\debug\conceptengine.tlog\cl.command.1.tlog
f:\projects\conceptengine\api\platform\microsoft\windows\directx\conceptengine\conceptengine\conceptengine\debug\conceptengine.tlog\cl.read.1.tlog
f:\projects\conceptengine\api\platform\microsoft\windows\directx\conceptengine\conceptengine\conceptengine\debug\conceptengine.tlog\cl.write.1.tlog
f:\projects\conceptengine\api\platform\microsoft\windows\directx\conceptengine\conceptengine\conceptengine\debug\conceptengine.tlog\fxc.command.1.tlog
f:\projects\conceptengine\api\platform\microsoft\windows\directx\conceptengine\conceptengine\conceptengine\debug\conceptengine.tlog\fxc.read.1.tlog
f:\projects\conceptengine\api\platform\microsoft\windows\directx\conceptengine\conceptengine\conceptengine\debug\conceptengine.tlog\fxc.write.1.tlog
f:\projects\conceptengine\api\platform\microsoft\windows\directx\conceptengine\conceptengine\conceptengine\debug\conceptengine.tlog\link.command.1.tlog
f:\projects\conceptengine\api\platform\microsoft\windows\directx\conceptengine\conceptengine\conceptengine\debug\conceptengine.tlog\link.read.1.tlog
f:\projects\conceptengine\api\platform\microsoft\windows\directx\conceptengine\conceptengine\conceptengine\debug\conceptengine.tlog\link.write.1.tlog
f:\projects\conceptengine\api\platform\microsoft\windows\directx\conceptengine\conceptengine\conceptengine\debug\conceptengine.tlog\rc.command.1.tlog
f:\projects\conceptengine\api\platform\microsoft\windows\directx\conceptengine\conceptengine\conceptengine\debug\conceptengine.tlog\rc.read.1.tlog
f:\projects\conceptengine\api\platform\microsoft\windows\directx\conceptengine\conceptengine\conceptengine\debug\conceptengine.tlog\rc.write.1.tlog
